Added Component: Designator=J2(SIP9)
Added Component: Designator=R10(AXIAL-0.3)
Added Component: Designator=R11(AXIAL-0.3)
Added Component: Designator=R12(AXIAL-0.3)
Added Component: Designator=R13(AXIAL-0.3)
Added Component: Designator=R14(AXIAL-0.3)
Added Component: Designator=R15(AXIAL-0.3)
Added Component: Designator=R16(AXIAL-0.3)
Added Component: Designator=R17(AXIAL-0.3)
Added Component: Designator=R18(AXIAL-0.3)
Added Component: Designator=R19(AXIAL-0.3)
Added Component: Designator=R20(AXIAL-0.3)
Added Component: Designator=R21(AXIAL-0.3)
Added Pin To Net: NetName=BG Pin=R10-1
Added Net: Name=BG
Added Pin To Net: NetName=BR Pin=R12-1
Added Net: Name=BR
Added Pin To Net: NetName=BY Pin=R11-1
Added Net: Name=BY
Added Net: Name=C1
Added Net: Name=C2
Added Pin To Net: NetName=DG Pin=R21-1
Added Net: Name=DG
Added Pin To Net: NetName=DR Pin=R19-1
Added Net: Name=DR
Added Pin To Net: NetName=DY Pin=R20-1
Added Net: Name=DY
Added Net: Name=GND
Added Net: Name=NetQ5_2
Added Net: Name=NetQ6_2
Added Pin To Net: NetName=NetR10_2 Pin=R10-2
Added Net: Name=NetR10_2
Added Pin To Net: NetName=NetR11_2 Pin=R11-2
Added Net: Name=NetR11_2
Added Pin To Net: NetName=NetR12_2 Pin=R12-2
Added Net: Name=NetR12_2
Added Pin To Net: NetName=NetR13_1 Pin=R13-1
Added Net: Name=NetR13_1
Added Pin To Net: NetName=NetR14_1 Pin=R14-1
Added Net: Name=NetR14_1
Added Pin To Net: NetName=NetR15_1 Pin=R15-1
Added Net: Name=NetR15_1
Added Pin To Net: NetName=NetR16_1 Pin=R16-1
Added Net: Name=NetR16_1
Added Pin To Net: NetName=NetR17_1 Pin=R17-1
Added Net: Name=NetR17_1
Added Pin To Net: NetName=NetR18_1 Pin=R18-1
Added Net: Name=NetR18_1
Added Pin To Net: NetName=NetR19_2 Pin=R19-2
Added Net: Name=NetR19_2
Added Pin To Net: NetName=NetR20_2 Pin=R20-2
Added Net: Name=NetR20_2
Added Pin To Net: NetName=NetR21_2 Pin=R21-2
Added Net: Name=NetR21_2
Added Pin To Net: NetName=NG Pin=R15-2
Added Net: Name=NG
Added Pin To Net: NetName=NR Pin=R13-2
Added Net: Name=NR
Added Pin To Net: NetName=NY Pin=R14-2
Added Net: Name=NY
Added Net: Name=P00
Added Net: Name=P01
Added Net: Name=P02
Added Net: Name=P03
Added Net: Name=P04
Added Net: Name=P05
Added Net: Name=P06
Added Net: Name=P07
Added Net: Name=P23
Added Net: Name=P24
Added Pin To Net: NetName=P31 Pin=J2-6
Added Net: Name=P31
Added Pin To Net: NetName=P32 Pin=J2-7
Added Net: Name=P32
Added Pin To Net: NetName=P33 Pin=J2-8
Added Net: Name=P33
Added Pin To Net: NetName=P34 Pin=J2-9
Added Net: Name=P34
Added Net: Name=RST
Added Pin To Net: NetName=VCC Pin=J2-1
Added Net: Name=VCC
Added Net: Name=X1
Added Net: Name=X2
Added Pin To Net: NetName=XG Pin=R18-2
Added Net: Name=XG
Added Pin To Net: NetName=XR Pin=R16-2
Added Net: Name=XR
Added Pin To Net: NetName=XY Pin=R17-2
Added Net: Name=XY
Added Class: Name=交通灯
Added Room: Name=交通灯
